<?xml version="1.0" encoding="UTF-8"?>
<!-- Generated by org.testng.reporters.JUnitXMLReporter -->
<testsuite ignored="0" hostname="NIRMALENDU" failures="0" tests="2" name="SaveProfileInfoButtonValidation" time="21.88" errors="0" timestamp="2021-09-11T02:41:31 IST">
  <testcase classname="Interview.DemoProjectNirmalenduDas.ValidateSaveMyProfileButton" name="validateSaveMyProfileButtonDisablity" time="4.134"/>
  <testcase classname="Interview.DemoProjectNirmalenduDas.ValidateSaveMyProfileButton" name="validateSaveMyProfileButtonEnableIfAnyFieldIsNonEmpty" time="0.207"/>
</testsuite> <!-- SaveProfileInfoButtonValidation -->
