<?xml version="1.0" encoding="UTF-8"?>
<!-- Generated by org.testng.reporters.JUnitXMLReporter -->
<testsuite ignored="0" hostname="NIRMALENDU" failures="1" tests="1" name="ValidateUsername" time="49.262" errors="0" timestamp="2021-09-11T02:40:38 IST">
  <testcase classname="Interview.DemoProjectNirmalenduDas.ValidateVisibeUserName" name="validateVisibleUsername" time="17.381">
    <failure type="junit.framework.ComparisonFailure" message="expected:&amp;lt;nirmalenduautomation[]&amp;gt; but was:&amp;lt;nirmalenduautomation[123]&amp;gt;">
      <![CDATA[junit.framework.ComparisonFailure: expected:<nirmalenduautomation[]> but was:<nirmalenduautomation[123]>
at junit.framework.Assert.assertEquals(Assert.java:100)
at junit.framework.Assert.assertEquals(Assert.java:107)
at Interview.DemoProjectNirmalenduDas.ValidateVisibeUserName.validateVisibleUsername(ValidateVisibeUserName.java:22)
at java.base/java.util.ArrayList.forEach(ArrayList.java:1511)
... Removed 27 stack frames]]>
    </failure>
  </testcase> <!-- validateVisibleUsername -->
</testsuite> <!-- ValidateUsername -->
