<?xml version="1.0" encoding="UTF-8"?>
<testng-results ignored="0" total="1" passed="1" failed="0" skipped="0">
  <reporter-output>
  </reporter-output>
  <suite started-at="2021-09-15T04:34:46 IST" name="Default suite" finished-at="2021-09-15T04:35:41 IST" duration-ms="54840">
    <groups>
    </groups>
    <test started-at="2021-09-15T04:34:46 IST" name="Default test" finished-at="2021-09-15T04:35:41 IST" duration-ms="54840">
      <class name="Interview.DemoProjectNirmalenduDas.testpath">
        <test-method is-config="true" signature="initialize()[pri:0, instance:Interview.DemoProjectNirmalenduDas.testpath@607fbe09]" started-at="2021-09-15T04:34:46 IST" name="initialize" finished-at="2021-09-15T04:35:24 IST" duration-ms="37914" status="PASS">
          <reporter-output>
          </reporter-output>
        </test-method> <!-- initialize -->
        <test-method signature="testmethod()[pri:0, instance:Interview.DemoProjectNirmalenduDas.testpath@607fbe09]" started-at="2021-09-15T04:35:24 IST" name="testmethod" finished-at="2021-09-15T04:35:38 IST" duration-ms="14094" status="PASS">
          <reporter-output>
          </reporter-output>
        </test-method> <!-- testmethod -->
        <test-method is-config="true" signature="killDriver()[pri:0, instance:Interview.DemoProjectNirmalenduDas.testpath@607fbe09]" started-at="2021-09-15T04:35:38 IST" name="killDriver" finished-at="2021-09-15T04:35:41 IST" duration-ms="2766" status="PASS">
          <reporter-output>
          </reporter-output>
        </test-method> <!-- killDriver -->
      </class> <!-- Interview.DemoProjectNirmalenduDas.testpath -->
    </test> <!-- Default test -->
  </suite> <!-- Default suite -->
</testng-results>
